{"time": "2026-04-13 10:22:49.206010", "level": "INFO", "message": "env env using shared MonitorProxy (PID: 107) not_server", "file": "worker.py", "line": "178", "module": "env", "process": "worker", "function": "worker_start_up", "stack": "", "pid": 101}
{"time": "2026-04-13 10:22:49.207768", "level": "INFO", "message": "env timeit enabled: False", "file": "env_core.py", "line": "132", "module": "env", "process": "env_core", "function": "init_data_handler", "stack": "", "pid": 101}
{"time": "2026-04-13 10:22:49.304570", "level": "INFO", "message": "env KaiwuDataHandler init success, KaiwuDataHandler class is environments.gorge_chase.data_handler.KaiwuDataHandler", "file": "env_core.py", "line": "139", "module": "env", "process": "env_core", "function": "init_data_handler", "stack": "", "pid": 101}
{"time": "2026-04-13 10:22:49.305097", "level": "INFO", "message": "env timeit enabled: False", "file": "env_core.py", "line": "46", "module": "env", "process": "env_core", "function": "init_env_adapter", "stack": "", "pid": 101}
{"time": "2026-04-13 10:22:49.317485", "level": "INFO", "message": "env EnvAdapter init success, EnvAdapter class is environments.gorge_chase.env_adapter.EnvAdapter", "file": "env_core.py", "line": "53", "module": "env", "process": "env_core", "function": "init_env_adapter", "stack": "", "pid": 101}
{"time": "2026-04-13 10:22:49.319122", "level": "INFO", "message": "env env_wrapper, zmq_server aisrv <--> env or entity <--> env, start at 172.20.0.7:5566 success", "file": "inter_process_communication.py", "line": "68", "module": "env", "process": "inter_process_communication", "function": "create_server", "stack": "", "pid": 101}
{"time": "2026-04-13 10:23:01.263672", "level": "INFO", "message": "env env recv reset message", "file": "remote_env_server.py", "line": "282", "module": "env", "process": "remote_env_server", "function": "run_once", "stack": "", "pid": 101}
{"time": "2026-04-13 10:23:01.264804", "level": "INFO", "message": "env Select map in order: episode=0, map_id=1 from map_list=[1, 2, 3, 4, 5, 6, 7, 8, 9, 10]", "file": "data_handler.py", "line": "143", "module": "env", "process": "data_handler", "function": "handle_usr_conf", "stack": "", "pid": 101}
{"time": "2026-04-13 10:23:01.476416", "level": "INFO", "message": "env finish monitor_data is {'finished_steps': 25, 'total_score': 37, 'step_score': 37, 'treasure_score': 0, 'total_treasure': 10, 'treasures_collected': 0, 'total_map': 10, 'map_random': 0, 'max_steps': 1000, 'flash_count': 1, 'flash_cooldown': 100, 'total_buff': 2, 'collected_buff': 0, 'buff_refresh_time': 200, 'monster_speed': 1, 'monster_interval': 300}", "file": "monitor_helper.py", "line": "91", "module": "env", "process": "monitor_helper", "function": "finish", "stack": "", "pid": 101}
{"time": "2026-04-13 10:23:01.477008", "level": "INFO", "message": "env data_handler finish success", "file": "data_handler.py", "line": "196", "module": "env", "process": "data_handler", "function": "finish", "stack": "", "pid": 101}
{"time": "2026-04-13 10:23:01.477477", "level": "INFO", "message": "env env run once episode done, process_run_count is 26", "file": "remote_env_server.py", "line": "298", "module": "env", "process": "remote_env_server", "function": "run_once", "stack": "", "pid": 101}
{"time": "2026-04-13 10:23:01.478026", "level": "INFO", "message": "env env recv reset message", "file": "remote_env_server.py", "line": "282", "module": "env", "process": "remote_env_server", "function": "run_once", "stack": "", "pid": 101}
{"time": "2026-04-13 10:23:01.478961", "level": "INFO", "message": "env Select map in order: episode=1, map_id=2 from map_list=[1, 2, 3, 4, 5, 6, 7, 8, 9, 10]", "file": "data_handler.py", "line": "143", "module": "env", "process": "data_handler", "function": "handle_usr_conf", "stack": "", "pid": 101}
{"time": "2026-04-13 10:23:01.615602", "level": "INFO", "message": "env data_handler finish success", "file": "data_handler.py", "line": "196", "module": "env", "process": "data_handler", "function": "finish", "stack": "", "pid": 101}
{"time": "2026-04-13 10:23:01.616081", "level": "INFO", "message": "env env run once episode done, process_run_count is 48", "file": "remote_env_server.py", "line": "298", "module": "env", "process": "remote_env_server", "function": "run_once", "stack": "", "pid": 101}
{"time": "2026-04-13 10:23:01.616677", "level": "INFO", "message": "env env recv reset message", "file": "remote_env_server.py", "line": "282", "module": "env", "process": "remote_env_server", "function": "run_once", "stack": "", "pid": 101}
{"time": "2026-04-13 10:23:01.617299", "level": "INFO", "message": "env Select map in order: episode=2, map_id=3 from map_list=[1, 2, 3, 4, 5, 6, 7, 8, 9, 10]", "file": "data_handler.py", "line": "143", "module": "env", "process": "data_handler", "function": "handle_usr_conf", "stack": "", "pid": 101}
{"time": "2026-04-13 10:23:01.798867", "level": "INFO", "message": "env data_handler finish success", "file": "data_handler.py", "line": "196", "module": "env", "process": "data_handler", "function": "finish", "stack": "", "pid": 101}
{"time": "2026-04-13 10:23:01.799329", "level": "INFO", "message": "env env run once episode done, process_run_count is 78", "file": "remote_env_server.py", "line": "298", "module": "env", "process": "remote_env_server", "function": "run_once", "stack": "", "pid": 101}
{"time": "2026-04-13 10:23:01.799880", "level": "INFO", "message": "env env recv reset message", "file": "remote_env_server.py", "line": "282", "module": "env", "process": "remote_env_server", "function": "run_once", "stack": "", "pid": 101}
{"time": "2026-04-13 10:23:01.800471", "level": "INFO", "message": "env Select map in order: episode=3, map_id=4 from map_list=[1, 2, 3, 4, 5, 6, 7, 8, 9, 10]", "file": "data_handler.py", "line": "143", "module": "env", "process": "data_handler", "function": "handle_usr_conf", "stack": "", "pid": 101}
{"time": "2026-04-13 10:23:01.920147", "level": "INFO", "message": "env data_handler finish success", "file": "data_handler.py", "line": "196", "module": "env", "process": "data_handler", "function": "finish", "stack": "", "pid": 101}
{"time": "2026-04-13 10:23:01.920704", "level": "INFO", "message": "env env run once episode done, process_run_count is 91", "file": "remote_env_server.py", "line": "298", "module": "env", "process": "remote_env_server", "function": "run_once", "stack": "", "pid": 101}
{"time": "2026-04-13 10:23:01.921117", "level": "INFO", "message": "env env recv reset message", "file": "remote_env_server.py", "line": "282", "module": "env", "process": "remote_env_server", "function": "run_once", "stack": "", "pid": 101}
{"time": "2026-04-13 10:23:01.921519", "level": "INFO", "message": "env Select map in order: episode=4, map_id=5 from map_list=[1, 2, 3, 4, 5, 6, 7, 8, 9, 10]", "file": "data_handler.py", "line": "143", "module": "env", "process": "data_handler", "function": "handle_usr_conf", "stack": "", "pid": 101}
{"time": "2026-04-13 10:23:03.667123", "level": "INFO", "message": "env data_handler finish success", "file": "data_handler.py", "line": "196", "module": "env", "process": "data_handler", "function": "finish", "stack": "", "pid": 101}
{"time": "2026-04-13 10:23:03.667624", "level": "INFO", "message": "env env run once episode done, process_run_count is 392", "file": "remote_env_server.py", "line": "298", "module": "env", "process": "remote_env_server", "function": "run_once", "stack": "", "pid": 101}
{"time": "2026-04-13 10:23:03.672445", "level": "INFO", "message": "env env recv reset message", "file": "remote_env_server.py", "line": "282", "module": "env", "process": "remote_env_server", "function": "run_once", "stack": "", "pid": 101}
{"time": "2026-04-13 10:23:03.673131", "level": "INFO", "message": "env Select map in order: episode=5, map_id=6 from map_list=[1, 2, 3, 4, 5, 6, 7, 8, 9, 10]", "file": "data_handler.py", "line": "143", "module": "env", "process": "data_handler", "function": "handle_usr_conf", "stack": "", "pid": 101}
{"time": "2026-04-13 10:23:03.812349", "level": "INFO", "message": "env data_handler finish success", "file": "data_handler.py", "line": "196", "module": "env", "process": "data_handler", "function": "finish", "stack": "", "pid": 101}
{"time": "2026-04-13 10:23:03.812826", "level": "INFO", "message": "env env run once episode done, process_run_count is 419", "file": "remote_env_server.py", "line": "298", "module": "env", "process": "remote_env_server", "function": "run_once", "stack": "", "pid": 101}
{"time": "2026-04-13 10:23:03.813517", "level": "INFO", "message": "env env recv reset message", "file": "remote_env_server.py", "line": "282", "module": "env", "process": "remote_env_server", "function": "run_once", "stack": "", "pid": 101}
{"time": "2026-04-13 10:23:03.814004", "level": "INFO", "message": "env Select map in order: episode=6, map_id=7 from map_list=[1, 2, 3, 4, 5, 6, 7, 8, 9, 10]", "file": "data_handler.py", "line": "143", "module": "env", "process": "data_handler", "function": "handle_usr_conf", "stack": "", "pid": 101}
{"time": "2026-04-13 10:23:03.903847", "level": "INFO", "message": "env data_handler finish success", "file": "data_handler.py", "line": "196", "module": "env", "process": "data_handler", "function": "finish", "stack": "", "pid": 101}
{"time": "2026-04-13 10:23:03.904278", "level": "INFO", "message": "env env run once episode done, process_run_count is 424", "file": "remote_env_server.py", "line": "298", "module": "env", "process": "remote_env_server", "function": "run_once", "stack": "", "pid": 101}
{"time": "2026-04-13 10:23:03.904815", "level": "INFO", "message": "env env recv reset message", "file": "remote_env_server.py", "line": "282", "module": "env", "process": "remote_env_server", "function": "run_once", "stack": "", "pid": 101}
{"time": "2026-04-13 10:23:03.905376", "level": "INFO", "message": "env Select map in order: episode=7, map_id=8 from map_list=[1, 2, 3, 4, 5, 6, 7, 8, 9, 10]", "file": "data_handler.py", "line": "143", "module": "env", "process": "data_handler", "function": "handle_usr_conf", "stack": "", "pid": 101}
{"time": "2026-04-13 10:23:04.014646", "level": "INFO", "message": "env data_handler finish success", "file": "data_handler.py", "line": "196", "module": "env", "process": "data_handler", "function": "finish", "stack": "", "pid": 101}
{"time": "2026-04-13 10:23:04.015153", "level": "INFO", "message": "env env run once episode done, process_run_count is 439", "file": "remote_env_server.py", "line": "298", "module": "env", "process": "remote_env_server", "function": "run_once", "stack": "", "pid": 101}
{"time": "2026-04-13 10:23:04.015737", "level": "INFO", "message": "env env recv reset message", "file": "remote_env_server.py", "line": "282", "module": "env", "process": "remote_env_server", "function": "run_once", "stack": "", "pid": 101}
{"time": "2026-04-13 10:23:04.016204", "level": "INFO", "message": "env Select map in order: episode=8, map_id=9 from map_list=[1, 2, 3, 4, 5, 6, 7, 8, 9, 10]", "file": "data_handler.py", "line": "143", "module": "env", "process": "data_handler", "function": "handle_usr_conf", "stack": "", "pid": 101}
{"time": "2026-04-13 10:23:04.164571", "level": "INFO", "message": "env data_handler finish success", "file": "data_handler.py", "line": "196", "module": "env", "process": "data_handler", "function": "finish", "stack": "", "pid": 101}
{"time": "2026-04-13 10:23:04.165141", "level": "INFO", "message": "env env run once episode done, process_run_count is 470", "file": "remote_env_server.py", "line": "298", "module": "env", "process": "remote_env_server", "function": "run_once", "stack": "", "pid": 101}
{"time": "2026-04-13 10:23:04.165829", "level": "INFO", "message": "env env recv reset message", "file": "remote_env_server.py", "line": "282", "module": "env", "process": "remote_env_server", "function": "run_once", "stack": "", "pid": 101}
{"time": "2026-04-13 10:23:04.166316", "level": "INFO", "message": "env Select map in order: episode=9, map_id=10 from map_list=[1, 2, 3, 4, 5, 6, 7, 8, 9, 10]", "file": "data_handler.py", "line": "143", "module": "env", "process": "data_handler", "function": "handle_usr_conf", "stack": "", "pid": 101}
{"time": "2026-04-13 10:23:04.306142", "level": "INFO", "message": "env data_handler finish success", "file": "data_handler.py", "line": "196", "module": "env", "process": "data_handler", "function": "finish", "stack": "", "pid": 101}
{"time": "2026-04-13 10:23:04.306671", "level": "INFO", "message": "env env run once episode done, process_run_count is 491", "file": "remote_env_server.py", "line": "298", "module": "env", "process": "remote_env_server", "function": "run_once", "stack": "", "pid": 101}
{"time": "2026-04-13 10:23:04.307138", "level": "INFO", "message": "env env recv reset message", "file": "remote_env_server.py", "line": "282", "module": "env", "process": "remote_env_server", "function": "run_once", "stack": "", "pid": 101}
{"time": "2026-04-13 10:23:04.307620", "level": "INFO", "message": "env Select map in order: episode=10, map_id=1 from map_list=[1, 2, 3, 4, 5, 6, 7, 8, 9, 10]", "file": "data_handler.py", "line": "143", "module": "env", "process": "data_handler", "function": "handle_usr_conf", "stack": "", "pid": 101}
{"time": "2026-04-13 10:23:04.381261", "level": "INFO", "message": "env data_handler finish success", "file": "data_handler.py", "line": "196", "module": "env", "process": "data_handler", "function": "finish", "stack": "", "pid": 101}
{"time": "2026-04-13 10:23:04.381830", "level": "INFO", "message": "env env run once episode done, process_run_count is 495", "file": "remote_env_server.py", "line": "298", "module": "env", "process": "remote_env_server", "function": "run_once", "stack": "", "pid": 101}
{"time": "2026-04-13 10:23:04.382331", "level": "INFO", "message": "env env recv reset message", "file": "remote_env_server.py", "line": "282", "module": "env", "process": "remote_env_server", "function": "run_once", "stack": "", "pid": 101}
{"time": "2026-04-13 10:23:04.382762", "level": "INFO", "message": "env Select map in order: episode=11, map_id=2 from map_list=[1, 2, 3, 4, 5, 6, 7, 8, 9, 10]", "file": "data_handler.py", "line": "143", "module": "env", "process": "data_handler", "function": "handle_usr_conf", "stack": "", "pid": 101}
{"time": "2026-04-13 10:23:04.516883", "level": "INFO", "message": "env data_handler finish success", "file": "data_handler.py", "line": "196", "module": "env", "process": "data_handler", "function": "finish", "stack": "", "pid": 101}
{"time": "2026-04-13 10:23:04.517426", "level": "INFO", "message": "env env run once episode done, process_run_count is 520", "file": "remote_env_server.py", "line": "298", "module": "env", "process": "remote_env_server", "function": "run_once", "stack": "", "pid": 101}
{"time": "2026-04-13 10:23:04.518310", "level": "INFO", "message": "env env recv reset message", "file": "remote_env_server.py", "line": "282", "module": "env", "process": "remote_env_server", "function": "run_once", "stack": "", "pid": 101}
{"time": "2026-04-13 10:23:04.519010", "level": "INFO", "message": "env Select map in order: episode=12, map_id=3 from map_list=[1, 2, 3, 4, 5, 6, 7, 8, 9, 10]", "file": "data_handler.py", "line": "143", "module": "env", "process": "data_handler", "function": "handle_usr_conf", "stack": "", "pid": 101}
{"time": "2026-04-13 10:23:04.738554", "level": "INFO", "message": "env data_handler finish success", "file": "data_handler.py", "line": "196", "module": "env", "process": "data_handler", "function": "finish", "stack": "", "pid": 101}
{"time": "2026-04-13 10:23:04.739099", "level": "INFO", "message": "env env run once episode done, process_run_count is 575", "file": "remote_env_server.py", "line": "298", "module": "env", "process": "remote_env_server", "function": "run_once", "stack": "", "pid": 101}
{"time": "2026-04-13 10:23:04.739912", "level": "INFO", "message": "env env recv reset message", "file": "remote_env_server.py", "line": "282", "module": "env", "process": "remote_env_server", "function": "run_once", "stack": "", "pid": 101}
