{"time": "2026-04-13 10:22:30.590927", "level": "INFO", "message": "env env using shared MonitorProxy (PID: 92) not_server", "file": "worker.py", "line": "178", "module": "env", "process": "worker", "function": "worker_start_up", "stack": "", "pid": 86}
{"time": "2026-04-13 10:22:30.594567", "level": "INFO", "message": "env timeit enabled: False", "file": "env_core.py", "line": "132", "module": "env", "process": "env_core", "function": "init_data_handler", "stack": "", "pid": 86}
{"time": "2026-04-13 10:22:30.736378", "level": "INFO", "message": "env KaiwuDataHandler init success, KaiwuDataHandler class is environments.gorge_chase.data_handler.KaiwuDataHandler", "file": "env_core.py", "line": "139", "module": "env", "process": "env_core", "function": "init_data_handler", "stack": "", "pid": 86}
{"time": "2026-04-13 10:22:30.736891", "level": "INFO", "message": "env timeit enabled: False", "file": "env_core.py", "line": "46", "module": "env", "process": "env_core", "function": "init_env_adapter", "stack": "", "pid": 86}
{"time": "2026-04-13 10:22:30.778763", "level": "INFO", "message": "env EnvAdapter init success, EnvAdapter class is environments.gorge_chase.env_adapter.EnvAdapter", "file": "env_core.py", "line": "53", "module": "env", "process": "env_core", "function": "init_env_adapter", "stack": "", "pid": 86}
{"time": "2026-04-13 10:22:30.783143", "level": "INFO", "message": "env env_wrapper, zmq_server aisrv <--> env or entity <--> env, start at 172.20.0.11:5566 success", "file": "inter_process_communication.py", "line": "68", "module": "env", "process": "inter_process_communication", "function": "create_server", "stack": "", "pid": 86}
{"time": "2026-04-13 10:22:54.768608", "level": "INFO", "message": "env env recv reset message", "file": "remote_env_server.py", "line": "282", "module": "env", "process": "remote_env_server", "function": "run_once", "stack": "", "pid": 86}
{"time": "2026-04-13 10:22:54.777452", "level": "INFO", "message": "env Select map in order: episode=0, map_id=1 from map_list=[1, 2, 3, 4, 5, 6, 7, 8, 9, 10]", "file": "data_handler.py", "line": "143", "module": "env", "process": "data_handler", "function": "handle_usr_conf", "stack": "", "pid": 86}
{"time": "2026-04-13 10:22:55.105777", "level": "INFO", "message": "env finish monitor_data is {'finished_steps': 55, 'total_score': 82, 'step_score': 82, 'treasure_score': 0, 'total_treasure': 10, 'treasures_collected': 0, 'total_map': 10, 'map_random': 0, 'max_steps': 1000, 'flash_count': 1, 'flash_cooldown': 100, 'total_buff': 2, 'collected_buff': 1, 'buff_refresh_time': 200, 'monster_speed': 1, 'monster_interval': 300}", "file": "monitor_helper.py", "line": "91", "module": "env", "process": "monitor_helper", "function": "finish", "stack": "", "pid": 86}
{"time": "2026-04-13 10:22:55.106252", "level": "INFO", "message": "env data_handler finish success", "file": "data_handler.py", "line": "196", "module": "env", "process": "data_handler", "function": "finish", "stack": "", "pid": 86}
{"time": "2026-04-13 10:22:55.106534", "level": "INFO", "message": "env env run once episode done, process_run_count is 56", "file": "remote_env_server.py", "line": "298", "module": "env", "process": "remote_env_server", "function": "run_once", "stack": "", "pid": 86}
{"time": "2026-04-13 10:22:55.108293", "level": "INFO", "message": "env env recv reset message", "file": "remote_env_server.py", "line": "282", "module": "env", "process": "remote_env_server", "function": "run_once", "stack": "", "pid": 86}
{"time": "2026-04-13 10:22:55.108795", "level": "INFO", "message": "env Select map in order: episode=1, map_id=2 from map_list=[1, 2, 3, 4, 5, 6, 7, 8, 9, 10]", "file": "data_handler.py", "line": "143", "module": "env", "process": "data_handler", "function": "handle_usr_conf", "stack": "", "pid": 86}
{"time": "2026-04-13 10:22:55.189985", "level": "INFO", "message": "env data_handler finish success", "file": "data_handler.py", "line": "196", "module": "env", "process": "data_handler", "function": "finish", "stack": "", "pid": 86}
{"time": "2026-04-13 10:22:55.190450", "level": "INFO", "message": "env env run once episode done, process_run_count is 61", "file": "remote_env_server.py", "line": "298", "module": "env", "process": "remote_env_server", "function": "run_once", "stack": "", "pid": 86}
{"time": "2026-04-13 10:22:55.190920", "level": "INFO", "message": "env env recv reset message", "file": "remote_env_server.py", "line": "282", "module": "env", "process": "remote_env_server", "function": "run_once", "stack": "", "pid": 86}
{"time": "2026-04-13 10:22:55.192812", "level": "INFO", "message": "env Select map in order: episode=2, map_id=3 from map_list=[1, 2, 3, 4, 5, 6, 7, 8, 9, 10]", "file": "data_handler.py", "line": "143", "module": "env", "process": "data_handler", "function": "handle_usr_conf", "stack": "", "pid": 86}
{"time": "2026-04-13 10:22:55.971567", "level": "INFO", "message": "env data_handler finish success", "file": "data_handler.py", "line": "196", "module": "env", "process": "data_handler", "function": "finish", "stack": "", "pid": 86}
{"time": "2026-04-13 10:22:55.972038", "level": "INFO", "message": "env env run once episode done, process_run_count is 87", "file": "remote_env_server.py", "line": "298", "module": "env", "process": "remote_env_server", "function": "run_once", "stack": "", "pid": 86}
{"time": "2026-04-13 10:22:55.972324", "level": "INFO", "message": "env env recv reset message", "file": "remote_env_server.py", "line": "282", "module": "env", "process": "remote_env_server", "function": "run_once", "stack": "", "pid": 86}
{"time": "2026-04-13 10:22:55.972688", "level": "INFO", "message": "env Select map in order: episode=3, map_id=4 from map_list=[1, 2, 3, 4, 5, 6, 7, 8, 9, 10]", "file": "data_handler.py", "line": "143", "module": "env", "process": "data_handler", "function": "handle_usr_conf", "stack": "", "pid": 86}
{"time": "2026-04-13 10:22:56.070520", "level": "INFO", "message": "env data_handler finish success", "file": "data_handler.py", "line": "196", "module": "env", "process": "data_handler", "function": "finish", "stack": "", "pid": 86}
{"time": "2026-04-13 10:22:56.071087", "level": "INFO", "message": "env env run once episode done, process_run_count is 102", "file": "remote_env_server.py", "line": "298", "module": "env", "process": "remote_env_server", "function": "run_once", "stack": "", "pid": 86}
{"time": "2026-04-13 10:22:56.071542", "level": "INFO", "message": "env env recv reset message", "file": "remote_env_server.py", "line": "282", "module": "env", "process": "remote_env_server", "function": "run_once", "stack": "", "pid": 86}
{"time": "2026-04-13 10:22:56.071918", "level": "INFO", "message": "env Select map in order: episode=4, map_id=5 from map_list=[1, 2, 3, 4, 5, 6, 7, 8, 9, 10]", "file": "data_handler.py", "line": "143", "module": "env", "process": "data_handler", "function": "handle_usr_conf", "stack": "", "pid": 86}
{"time": "2026-04-13 10:22:56.216893", "level": "INFO", "message": "env data_handler finish success", "file": "data_handler.py", "line": "196", "module": "env", "process": "data_handler", "function": "finish", "stack": "", "pid": 86}
{"time": "2026-04-13 10:22:56.217823", "level": "INFO", "message": "env env run once episode done, process_run_count is 133", "file": "remote_env_server.py", "line": "298", "module": "env", "process": "remote_env_server", "function": "run_once", "stack": "", "pid": 86}
{"time": "2026-04-13 10:22:56.218178", "level": "INFO", "message": "env env recv reset message", "file": "remote_env_server.py", "line": "282", "module": "env", "process": "remote_env_server", "function": "run_once", "stack": "", "pid": 86}
{"time": "2026-04-13 10:22:56.218543", "level": "INFO", "message": "env Select map in order: episode=5, map_id=6 from map_list=[1, 2, 3, 4, 5, 6, 7, 8, 9, 10]", "file": "data_handler.py", "line": "143", "module": "env", "process": "data_handler", "function": "handle_usr_conf", "stack": "", "pid": 86}
{"time": "2026-04-13 10:22:56.979024", "level": "INFO", "message": "env data_handler finish success", "file": "data_handler.py", "line": "196", "module": "env", "process": "data_handler", "function": "finish", "stack": "", "pid": 86}
{"time": "2026-04-13 10:22:56.979618", "level": "INFO", "message": "env env run once episode done, process_run_count is 145", "file": "remote_env_server.py", "line": "298", "module": "env", "process": "remote_env_server", "function": "run_once", "stack": "", "pid": 86}
{"time": "2026-04-13 10:22:56.980017", "level": "INFO", "message": "env env recv reset message", "file": "remote_env_server.py", "line": "282", "module": "env", "process": "remote_env_server", "function": "run_once", "stack": "", "pid": 86}
{"time": "2026-04-13 10:22:56.980419", "level": "INFO", "message": "env Select map in order: episode=6, map_id=7 from map_list=[1, 2, 3, 4, 5, 6, 7, 8, 9, 10]", "file": "data_handler.py", "line": "143", "module": "env", "process": "data_handler", "function": "handle_usr_conf", "stack": "", "pid": 86}
{"time": "2026-04-13 10:22:57.089003", "level": "INFO", "message": "env data_handler finish success", "file": "data_handler.py", "line": "196", "module": "env", "process": "data_handler", "function": "finish", "stack": "", "pid": 86}
{"time": "2026-04-13 10:22:57.089466", "level": "INFO", "message": "env env run once episode done, process_run_count is 162", "file": "remote_env_server.py", "line": "298", "module": "env", "process": "remote_env_server", "function": "run_once", "stack": "", "pid": 86}
{"time": "2026-04-13 10:22:57.090172", "level": "INFO", "message": "env env recv reset message", "file": "remote_env_server.py", "line": "282", "module": "env", "process": "remote_env_server", "function": "run_once", "stack": "", "pid": 86}
{"time": "2026-04-13 10:22:57.090493", "level": "INFO", "message": "env Select map in order: episode=7, map_id=8 from map_list=[1, 2, 3, 4, 5, 6, 7, 8, 9, 10]", "file": "data_handler.py", "line": "143", "module": "env", "process": "data_handler", "function": "handle_usr_conf", "stack": "", "pid": 86}
{"time": "2026-04-13 10:22:57.192470", "level": "INFO", "message": "env data_handler finish success", "file": "data_handler.py", "line": "196", "module": "env", "process": "data_handler", "function": "finish", "stack": "", "pid": 86}
{"time": "2026-04-13 10:22:57.192875", "level": "INFO", "message": "env env run once episode done, process_run_count is 175", "file": "remote_env_server.py", "line": "298", "module": "env", "process": "remote_env_server", "function": "run_once", "stack": "", "pid": 86}
{"time": "2026-04-13 10:22:57.193427", "level": "INFO", "message": "env env recv reset message", "file": "remote_env_server.py", "line": "282", "module": "env", "process": "remote_env_server", "function": "run_once", "stack": "", "pid": 86}
{"time": "2026-04-13 10:22:57.193983", "level": "INFO", "message": "env Select map in order: episode=8, map_id=9 from map_list=[1, 2, 3, 4, 5, 6, 7, 8, 9, 10]", "file": "data_handler.py", "line": "143", "module": "env", "process": "data_handler", "function": "handle_usr_conf", "stack": "", "pid": 86}
{"time": "2026-04-13 10:22:57.473853", "level": "INFO", "message": "env data_handler finish success", "file": "data_handler.py", "line": "196", "module": "env", "process": "data_handler", "function": "finish", "stack": "", "pid": 86}
{"time": "2026-04-13 10:22:57.474396", "level": "INFO", "message": "env env run once episode done, process_run_count is 246", "file": "remote_env_server.py", "line": "298", "module": "env", "process": "remote_env_server", "function": "run_once", "stack": "", "pid": 86}
{"time": "2026-04-13 10:22:57.474769", "level": "INFO", "message": "env env recv reset message", "file": "remote_env_server.py", "line": "282", "module": "env", "process": "remote_env_server", "function": "run_once", "stack": "", "pid": 86}
{"time": "2026-04-13 10:22:57.475169", "level": "INFO", "message": "env Select map in order: episode=9, map_id=10 from map_list=[1, 2, 3, 4, 5, 6, 7, 8, 9, 10]", "file": "data_handler.py", "line": "143", "module": "env", "process": "data_handler", "function": "handle_usr_conf", "stack": "", "pid": 86}
{"time": "2026-04-13 10:22:57.599108", "level": "INFO", "message": "env data_handler finish success", "file": "data_handler.py", "line": "196", "module": "env", "process": "data_handler", "function": "finish", "stack": "", "pid": 86}
{"time": "2026-04-13 10:22:57.599725", "level": "INFO", "message": "env env run once episode done, process_run_count is 260", "file": "remote_env_server.py", "line": "298", "module": "env", "process": "remote_env_server", "function": "run_once", "stack": "", "pid": 86}
{"time": "2026-04-13 10:22:57.600572", "level": "INFO", "message": "env env recv reset message", "file": "remote_env_server.py", "line": "282", "module": "env", "process": "remote_env_server", "function": "run_once", "stack": "", "pid": 86}
{"time": "2026-04-13 10:22:57.601108", "level": "INFO", "message": "env Select map in order: episode=10, map_id=1 from map_list=[1, 2, 3, 4, 5, 6, 7, 8, 9, 10]", "file": "data_handler.py", "line": "143", "module": "env", "process": "data_handler", "function": "handle_usr_conf", "stack": "", "pid": 86}
{"time": "2026-04-13 10:22:57.693091", "level": "INFO", "message": "env data_handler finish success", "file": "data_handler.py", "line": "196", "module": "env", "process": "data_handler", "function": "finish", "stack": "", "pid": 86}
{"time": "2026-04-13 10:22:57.693597", "level": "INFO", "message": "env env run once episode done, process_run_count is 262", "file": "remote_env_server.py", "line": "298", "module": "env", "process": "remote_env_server", "function": "run_once", "stack": "", "pid": 86}
{"time": "2026-04-13 10:22:57.693995", "level": "INFO", "message": "env env recv reset message", "file": "remote_env_server.py", "line": "282", "module": "env", "process": "remote_env_server", "function": "run_once", "stack": "", "pid": 86}
{"time": "2026-04-13 10:22:57.694477", "level": "INFO", "message": "env Select map in order: episode=11, map_id=2 from map_list=[1, 2, 3, 4, 5, 6, 7, 8, 9, 10]", "file": "data_handler.py", "line": "143", "module": "env", "process": "data_handler", "function": "handle_usr_conf", "stack": "", "pid": 86}
{"time": "2026-04-13 10:22:57.813416", "level": "INFO", "message": "env data_handler finish success", "file": "data_handler.py", "line": "196", "module": "env", "process": "data_handler", "function": "finish", "stack": "", "pid": 86}
{"time": "2026-04-13 10:22:57.814021", "level": "INFO", "message": "env env run once episode done, process_run_count is 280", "file": "remote_env_server.py", "line": "298", "module": "env", "process": "remote_env_server", "function": "run_once", "stack": "", "pid": 86}
{"time": "2026-04-13 10:22:57.814438", "level": "INFO", "message": "env env recv reset message", "file": "remote_env_server.py", "line": "282", "module": "env", "process": "remote_env_server", "function": "run_once", "stack": "", "pid": 86}
{"time": "2026-04-13 10:22:57.814985", "level": "INFO", "message": "env Select map in order: episode=12, map_id=3 from map_list=[1, 2, 3, 4, 5, 6, 7, 8, 9, 10]", "file": "data_handler.py", "line": "143", "module": "env", "process": "data_handler", "function": "handle_usr_conf", "stack": "", "pid": 86}
{"time": "2026-04-13 10:22:58.005624", "level": "INFO", "message": "env data_handler finish success", "file": "data_handler.py", "line": "196", "module": "env", "process": "data_handler", "function": "finish", "stack": "", "pid": 86}
{"time": "2026-04-13 10:22:58.006188", "level": "INFO", "message": "env env run once episode done, process_run_count is 319", "file": "remote_env_server.py", "line": "298", "module": "env", "process": "remote_env_server", "function": "run_once", "stack": "", "pid": 86}
{"time": "2026-04-13 10:22:58.007029", "level": "INFO", "message": "env env recv reset message", "file": "remote_env_server.py", "line": "282", "module": "env", "process": "remote_env_server", "function": "run_once", "stack": "", "pid": 86}
