{"time": "2026-04-13 10:22:38.967322", "level": "INFO", "message": "env env using shared MonitorProxy (PID: 98) not_server", "file": "worker.py", "line": "178", "module": "env", "process": "worker", "function": "worker_start_up", "stack": "", "pid": 92}
{"time": "2026-04-13 10:22:38.968972", "level": "INFO", "message": "env timeit enabled: False", "file": "env_core.py", "line": "132", "module": "env", "process": "env_core", "function": "init_data_handler", "stack": "", "pid": 92}
{"time": "2026-04-13 10:22:39.060202", "level": "INFO", "message": "env KaiwuDataHandler init success, KaiwuDataHandler class is environments.gorge_chase.data_handler.KaiwuDataHandler", "file": "env_core.py", "line": "139", "module": "env", "process": "env_core", "function": "init_data_handler", "stack": "", "pid": 92}
{"time": "2026-04-13 10:22:39.060609", "level": "INFO", "message": "env timeit enabled: False", "file": "env_core.py", "line": "46", "module": "env", "process": "env_core", "function": "init_env_adapter", "stack": "", "pid": 92}
{"time": "2026-04-13 10:22:39.072276", "level": "INFO", "message": "env EnvAdapter init success, EnvAdapter class is environments.gorge_chase.env_adapter.EnvAdapter", "file": "env_core.py", "line": "53", "module": "env", "process": "env_core", "function": "init_env_adapter", "stack": "", "pid": 92}
{"time": "2026-04-13 10:22:39.073923", "level": "INFO", "message": "env env_wrapper, zmq_server aisrv <--> env or entity <--> env, start at 172.20.0.10:5566 success", "file": "inter_process_communication.py", "line": "68", "module": "env", "process": "inter_process_communication", "function": "create_server", "stack": "", "pid": 92}
{"time": "2026-04-13 10:22:54.911429", "level": "INFO", "message": "env env recv reset message", "file": "remote_env_server.py", "line": "282", "module": "env", "process": "remote_env_server", "function": "run_once", "stack": "", "pid": 92}
{"time": "2026-04-13 10:22:54.912144", "level": "INFO", "message": "env Select map in order: episode=0, map_id=1 from map_list=[1, 2, 3, 4, 5, 6, 7, 8, 9, 10]", "file": "data_handler.py", "line": "143", "module": "env", "process": "data_handler", "function": "handle_usr_conf", "stack": "", "pid": 92}
{"time": "2026-04-13 10:22:55.116253", "level": "INFO", "message": "env finish monitor_data is {'finished_steps': 30, 'total_score': 45, 'step_score': 45, 'treasure_score': 0, 'total_treasure': 10, 'treasures_collected': 0, 'total_map': 10, 'map_random': 0, 'max_steps': 1000, 'flash_count': 1, 'flash_cooldown': 100, 'total_buff': 2, 'collected_buff': 0, 'buff_refresh_time': 200, 'monster_speed': 1, 'monster_interval': 300}", "file": "monitor_helper.py", "line": "91", "module": "env", "process": "monitor_helper", "function": "finish", "stack": "", "pid": 92}
{"time": "2026-04-13 10:22:55.116658", "level": "INFO", "message": "env data_handler finish success", "file": "data_handler.py", "line": "196", "module": "env", "process": "data_handler", "function": "finish", "stack": "", "pid": 92}
{"time": "2026-04-13 10:22:55.117064", "level": "INFO", "message": "env env run once episode done, process_run_count is 31", "file": "remote_env_server.py", "line": "298", "module": "env", "process": "remote_env_server", "function": "run_once", "stack": "", "pid": 92}
{"time": "2026-04-13 10:22:55.118369", "level": "INFO", "message": "env env recv reset message", "file": "remote_env_server.py", "line": "282", "module": "env", "process": "remote_env_server", "function": "run_once", "stack": "", "pid": 92}
{"time": "2026-04-13 10:22:55.118854", "level": "INFO", "message": "env Select map in order: episode=1, map_id=2 from map_list=[1, 2, 3, 4, 5, 6, 7, 8, 9, 10]", "file": "data_handler.py", "line": "143", "module": "env", "process": "data_handler", "function": "handle_usr_conf", "stack": "", "pid": 92}
{"time": "2026-04-13 10:22:55.202393", "level": "INFO", "message": "env data_handler finish success", "file": "data_handler.py", "line": "196", "module": "env", "process": "data_handler", "function": "finish", "stack": "", "pid": 92}
{"time": "2026-04-13 10:22:55.204423", "level": "INFO", "message": "env env run once episode done, process_run_count is 40", "file": "remote_env_server.py", "line": "298", "module": "env", "process": "remote_env_server", "function": "run_once", "stack": "", "pid": 92}
{"time": "2026-04-13 10:22:55.204852", "level": "INFO", "message": "env env recv reset message", "file": "remote_env_server.py", "line": "282", "module": "env", "process": "remote_env_server", "function": "run_once", "stack": "", "pid": 92}
{"time": "2026-04-13 10:22:55.205312", "level": "INFO", "message": "env Select map in order: episode=2, map_id=3 from map_list=[1, 2, 3, 4, 5, 6, 7, 8, 9, 10]", "file": "data_handler.py", "line": "143", "module": "env", "process": "data_handler", "function": "handle_usr_conf", "stack": "", "pid": 92}
{"time": "2026-04-13 10:22:55.994273", "level": "INFO", "message": "env data_handler finish success", "file": "data_handler.py", "line": "196", "module": "env", "process": "data_handler", "function": "finish", "stack": "", "pid": 92}
{"time": "2026-04-13 10:22:55.994662", "level": "INFO", "message": "env env run once episode done, process_run_count is 68", "file": "remote_env_server.py", "line": "298", "module": "env", "process": "remote_env_server", "function": "run_once", "stack": "", "pid": 92}
{"time": "2026-04-13 10:22:55.995176", "level": "INFO", "message": "env env recv reset message", "file": "remote_env_server.py", "line": "282", "module": "env", "process": "remote_env_server", "function": "run_once", "stack": "", "pid": 92}
{"time": "2026-04-13 10:22:55.995776", "level": "INFO", "message": "env Select map in order: episode=3, map_id=4 from map_list=[1, 2, 3, 4, 5, 6, 7, 8, 9, 10]", "file": "data_handler.py", "line": "143", "module": "env", "process": "data_handler", "function": "handle_usr_conf", "stack": "", "pid": 92}
{"time": "2026-04-13 10:22:56.117629", "level": "INFO", "message": "env data_handler finish success", "file": "data_handler.py", "line": "196", "module": "env", "process": "data_handler", "function": "finish", "stack": "", "pid": 92}
{"time": "2026-04-13 10:22:56.118084", "level": "INFO", "message": "env env run once episode done, process_run_count is 93", "file": "remote_env_server.py", "line": "298", "module": "env", "process": "remote_env_server", "function": "run_once", "stack": "", "pid": 92}
{"time": "2026-04-13 10:22:56.118642", "level": "INFO", "message": "env env recv reset message", "file": "remote_env_server.py", "line": "282", "module": "env", "process": "remote_env_server", "function": "run_once", "stack": "", "pid": 92}
{"time": "2026-04-13 10:22:56.119088", "level": "INFO", "message": "env Select map in order: episode=4, map_id=5 from map_list=[1, 2, 3, 4, 5, 6, 7, 8, 9, 10]", "file": "data_handler.py", "line": "143", "module": "env", "process": "data_handler", "function": "handle_usr_conf", "stack": "", "pid": 92}
{"time": "2026-04-13 10:22:56.208964", "level": "INFO", "message": "env data_handler finish success", "file": "data_handler.py", "line": "196", "module": "env", "process": "data_handler", "function": "finish", "stack": "", "pid": 92}
{"time": "2026-04-13 10:22:56.209987", "level": "INFO", "message": "env env run once episode done, process_run_count is 106", "file": "remote_env_server.py", "line": "298", "module": "env", "process": "remote_env_server", "function": "run_once", "stack": "", "pid": 92}
{"time": "2026-04-13 10:22:56.210422", "level": "INFO", "message": "env env recv reset message", "file": "remote_env_server.py", "line": "282", "module": "env", "process": "remote_env_server", "function": "run_once", "stack": "", "pid": 92}
{"time": "2026-04-13 10:22:56.210855", "level": "INFO", "message": "env Select map in order: episode=5, map_id=6 from map_list=[1, 2, 3, 4, 5, 6, 7, 8, 9, 10]", "file": "data_handler.py", "line": "143", "module": "env", "process": "data_handler", "function": "handle_usr_conf", "stack": "", "pid": 92}
{"time": "2026-04-13 10:22:57.013203", "level": "INFO", "message": "env data_handler finish success", "file": "data_handler.py", "line": "196", "module": "env", "process": "data_handler", "function": "finish", "stack": "", "pid": 92}
{"time": "2026-04-13 10:22:57.013687", "level": "INFO", "message": "env env run once episode done, process_run_count is 131", "file": "remote_env_server.py", "line": "298", "module": "env", "process": "remote_env_server", "function": "run_once", "stack": "", "pid": 92}
{"time": "2026-04-13 10:22:57.014367", "level": "INFO", "message": "env env recv reset message", "file": "remote_env_server.py", "line": "282", "module": "env", "process": "remote_env_server", "function": "run_once", "stack": "", "pid": 92}
{"time": "2026-04-13 10:22:57.014820", "level": "INFO", "message": "env Select map in order: episode=6, map_id=7 from map_list=[1, 2, 3, 4, 5, 6, 7, 8, 9, 10]", "file": "data_handler.py", "line": "143", "module": "env", "process": "data_handler", "function": "handle_usr_conf", "stack": "", "pid": 92}
{"time": "2026-04-13 10:22:57.147895", "level": "INFO", "message": "env data_handler finish success", "file": "data_handler.py", "line": "196", "module": "env", "process": "data_handler", "function": "finish", "stack": "", "pid": 92}
{"time": "2026-04-13 10:22:57.148402", "level": "INFO", "message": "env env run once episode done, process_run_count is 151", "file": "remote_env_server.py", "line": "298", "module": "env", "process": "remote_env_server", "function": "run_once", "stack": "", "pid": 92}
{"time": "2026-04-13 10:22:57.148881", "level": "INFO", "message": "env env recv reset message", "file": "remote_env_server.py", "line": "282", "module": "env", "process": "remote_env_server", "function": "run_once", "stack": "", "pid": 92}
{"time": "2026-04-13 10:22:57.149352", "level": "INFO", "message": "env Select map in order: episode=7, map_id=8 from map_list=[1, 2, 3, 4, 5, 6, 7, 8, 9, 10]", "file": "data_handler.py", "line": "143", "module": "env", "process": "data_handler", "function": "handle_usr_conf", "stack": "", "pid": 92}
{"time": "2026-04-13 10:22:57.238048", "level": "INFO", "message": "env data_handler finish success", "file": "data_handler.py", "line": "196", "module": "env", "process": "data_handler", "function": "finish", "stack": "", "pid": 92}
{"time": "2026-04-13 10:22:57.238459", "level": "INFO", "message": "env env run once episode done, process_run_count is 158", "file": "remote_env_server.py", "line": "298", "module": "env", "process": "remote_env_server", "function": "run_once", "stack": "", "pid": 92}
{"time": "2026-04-13 10:22:57.238897", "level": "INFO", "message": "env env recv reset message", "file": "remote_env_server.py", "line": "282", "module": "env", "process": "remote_env_server", "function": "run_once", "stack": "", "pid": 92}
{"time": "2026-04-13 10:22:57.239352", "level": "INFO", "message": "env Select map in order: episode=8, map_id=9 from map_list=[1, 2, 3, 4, 5, 6, 7, 8, 9, 10]", "file": "data_handler.py", "line": "143", "module": "env", "process": "data_handler", "function": "handle_usr_conf", "stack": "", "pid": 92}
{"time": "2026-04-13 10:22:57.341012", "level": "INFO", "message": "env data_handler finish success", "file": "data_handler.py", "line": "196", "module": "env", "process": "data_handler", "function": "finish", "stack": "", "pid": 92}
{"time": "2026-04-13 10:22:57.341528", "level": "INFO", "message": "env env run once episode done, process_run_count is 169", "file": "remote_env_server.py", "line": "298", "module": "env", "process": "remote_env_server", "function": "run_once", "stack": "", "pid": 92}
{"time": "2026-04-13 10:22:57.342036", "level": "INFO", "message": "env env recv reset message", "file": "remote_env_server.py", "line": "282", "module": "env", "process": "remote_env_server", "function": "run_once", "stack": "", "pid": 92}
{"time": "2026-04-13 10:22:57.342507", "level": "INFO", "message": "env Select map in order: episode=9, map_id=10 from map_list=[1, 2, 3, 4, 5, 6, 7, 8, 9, 10]", "file": "data_handler.py", "line": "143", "module": "env", "process": "data_handler", "function": "handle_usr_conf", "stack": "", "pid": 92}
{"time": "2026-04-13 10:22:57.434708", "level": "INFO", "message": "env data_handler finish success", "file": "data_handler.py", "line": "196", "module": "env", "process": "data_handler", "function": "finish", "stack": "", "pid": 92}
{"time": "2026-04-13 10:22:57.435280", "level": "INFO", "message": "env env run once episode done, process_run_count is 175", "file": "remote_env_server.py", "line": "298", "module": "env", "process": "remote_env_server", "function": "run_once", "stack": "", "pid": 92}
{"time": "2026-04-13 10:22:57.435809", "level": "INFO", "message": "env env recv reset message", "file": "remote_env_server.py", "line": "282", "module": "env", "process": "remote_env_server", "function": "run_once", "stack": "", "pid": 92}
{"time": "2026-04-13 10:22:57.436245", "level": "INFO", "message": "env Select map in order: episode=10, map_id=1 from map_list=[1, 2, 3, 4, 5, 6, 7, 8, 9, 10]", "file": "data_handler.py", "line": "143", "module": "env", "process": "data_handler", "function": "handle_usr_conf", "stack": "", "pid": 92}
{"time": "2026-04-13 10:22:57.597695", "level": "INFO", "message": "env data_handler finish success", "file": "data_handler.py", "line": "196", "module": "env", "process": "data_handler", "function": "finish", "stack": "", "pid": 92}
{"time": "2026-04-13 10:22:57.598548", "level": "INFO", "message": "env env run once episode done, process_run_count is 199", "file": "remote_env_server.py", "line": "298", "module": "env", "process": "remote_env_server", "function": "run_once", "stack": "", "pid": 92}
{"time": "2026-04-13 10:22:57.599466", "level": "INFO", "message": "env env recv reset message", "file": "remote_env_server.py", "line": "282", "module": "env", "process": "remote_env_server", "function": "run_once", "stack": "", "pid": 92}
{"time": "2026-04-13 10:22:57.600088", "level": "INFO", "message": "env Select map in order: episode=11, map_id=2 from map_list=[1, 2, 3, 4, 5, 6, 7, 8, 9, 10]", "file": "data_handler.py", "line": "143", "module": "env", "process": "data_handler", "function": "handle_usr_conf", "stack": "", "pid": 92}
{"time": "2026-04-13 10:22:57.774017", "level": "INFO", "message": "env data_handler finish success", "file": "data_handler.py", "line": "196", "module": "env", "process": "data_handler", "function": "finish", "stack": "", "pid": 92}
{"time": "2026-04-13 10:22:57.775082", "level": "INFO", "message": "env env run once episode done, process_run_count is 229", "file": "remote_env_server.py", "line": "298", "module": "env", "process": "remote_env_server", "function": "run_once", "stack": "", "pid": 92}
{"time": "2026-04-13 10:22:57.775564", "level": "INFO", "message": "env env recv reset message", "file": "remote_env_server.py", "line": "282", "module": "env", "process": "remote_env_server", "function": "run_once", "stack": "", "pid": 92}
{"time": "2026-04-13 10:22:57.775934", "level": "INFO", "message": "env Select map in order: episode=12, map_id=3 from map_list=[1, 2, 3, 4, 5, 6, 7, 8, 9, 10]", "file": "data_handler.py", "line": "143", "module": "env", "process": "data_handler", "function": "handle_usr_conf", "stack": "", "pid": 92}
{"time": "2026-04-13 10:22:57.876893", "level": "INFO", "message": "env data_handler finish success", "file": "data_handler.py", "line": "196", "module": "env", "process": "data_handler", "function": "finish", "stack": "", "pid": 92}
{"time": "2026-04-13 10:22:57.877486", "level": "INFO", "message": "env env run once episode done, process_run_count is 242", "file": "remote_env_server.py", "line": "298", "module": "env", "process": "remote_env_server", "function": "run_once", "stack": "", "pid": 92}
{"time": "2026-04-13 10:22:57.877958", "level": "INFO", "message": "env env recv reset message", "file": "remote_env_server.py", "line": "282", "module": "env", "process": "remote_env_server", "function": "run_once", "stack": "", "pid": 92}
