{"time": "2026-04-13 10:22:34.914883", "level": "INFO", "message": "env env using shared MonitorProxy (PID: 95) not_server", "file": "worker.py", "line": "178", "module": "env", "process": "worker", "function": "worker_start_up", "stack": "", "pid": 89}
{"time": "2026-04-13 10:22:34.916717", "level": "INFO", "message": "env timeit enabled: False", "file": "env_core.py", "line": "132", "module": "env", "process": "env_core", "function": "init_data_handler", "stack": "", "pid": 89}
{"time": "2026-04-13 10:22:35.021402", "level": "INFO", "message": "env KaiwuDataHandler init success, KaiwuDataHandler class is environments.gorge_chase.data_handler.KaiwuDataHandler", "file": "env_core.py", "line": "139", "module": "env", "process": "env_core", "function": "init_data_handler", "stack": "", "pid": 89}
{"time": "2026-04-13 10:22:35.021801", "level": "INFO", "message": "env timeit enabled: False", "file": "env_core.py", "line": "46", "module": "env", "process": "env_core", "function": "init_env_adapter", "stack": "", "pid": 89}
{"time": "2026-04-13 10:22:35.034043", "level": "INFO", "message": "env EnvAdapter init success, EnvAdapter class is environments.gorge_chase.env_adapter.EnvAdapter", "file": "env_core.py", "line": "53", "module": "env", "process": "env_core", "function": "init_env_adapter", "stack": "", "pid": 89}
{"time": "2026-04-13 10:22:35.035811", "level": "INFO", "message": "env env_wrapper, zmq_server aisrv <--> env or entity <--> env, start at 172.20.0.8:5566 success", "file": "inter_process_communication.py", "line": "68", "module": "env", "process": "inter_process_communication", "function": "create_server", "stack": "", "pid": 89}
{"time": "2026-04-13 10:22:54.901732", "level": "INFO", "message": "env env recv reset message", "file": "remote_env_server.py", "line": "282", "module": "env", "process": "remote_env_server", "function": "run_once", "stack": "", "pid": 89}
{"time": "2026-04-13 10:22:54.904639", "level": "INFO", "message": "env Select map in order: episode=0, map_id=1 from map_list=[1, 2, 3, 4, 5, 6, 7, 8, 9, 10]", "file": "data_handler.py", "line": "143", "module": "env", "process": "data_handler", "function": "handle_usr_conf", "stack": "", "pid": 89}
{"time": "2026-04-13 10:22:55.047348", "level": "INFO", "message": "env finish monitor_data is {'finished_steps': 9, 'total_score': 13, 'step_score': 13, 'treasure_score': 0, 'total_treasure': 10, 'treasures_collected': 0, 'total_map': 10, 'map_random': 0, 'max_steps': 1000, 'flash_count': 1, 'flash_cooldown': 100, 'total_buff': 2, 'collected_buff': 0, 'buff_refresh_time': 200, 'monster_speed': 1, 'monster_interval': 300}", "file": "monitor_helper.py", "line": "91", "module": "env", "process": "monitor_helper", "function": "finish", "stack": "", "pid": 89}
{"time": "2026-04-13 10:22:55.047835", "level": "INFO", "message": "env data_handler finish success", "file": "data_handler.py", "line": "196", "module": "env", "process": "data_handler", "function": "finish", "stack": "", "pid": 89}
{"time": "2026-04-13 10:22:55.048169", "level": "INFO", "message": "env env run once episode done, process_run_count is 10", "file": "remote_env_server.py", "line": "298", "module": "env", "process": "remote_env_server", "function": "run_once", "stack": "", "pid": 89}
{"time": "2026-04-13 10:22:55.048996", "level": "INFO", "message": "env env recv reset message", "file": "remote_env_server.py", "line": "282", "module": "env", "process": "remote_env_server", "function": "run_once", "stack": "", "pid": 89}
{"time": "2026-04-13 10:22:55.049489", "level": "INFO", "message": "env Select map in order: episode=1, map_id=2 from map_list=[1, 2, 3, 4, 5, 6, 7, 8, 9, 10]", "file": "data_handler.py", "line": "143", "module": "env", "process": "data_handler", "function": "handle_usr_conf", "stack": "", "pid": 89}
{"time": "2026-04-13 10:22:55.246659", "level": "INFO", "message": "env data_handler finish success", "file": "data_handler.py", "line": "196", "module": "env", "process": "data_handler", "function": "finish", "stack": "", "pid": 89}
{"time": "2026-04-13 10:22:55.247058", "level": "INFO", "message": "env env run once episode done, process_run_count is 58", "file": "remote_env_server.py", "line": "298", "module": "env", "process": "remote_env_server", "function": "run_once", "stack": "", "pid": 89}
{"time": "2026-04-13 10:22:55.247865", "level": "INFO", "message": "env env recv reset message", "file": "remote_env_server.py", "line": "282", "module": "env", "process": "remote_env_server", "function": "run_once", "stack": "", "pid": 89}
{"time": "2026-04-13 10:22:55.248269", "level": "INFO", "message": "env Select map in order: episode=2, map_id=3 from map_list=[1, 2, 3, 4, 5, 6, 7, 8, 9, 10]", "file": "data_handler.py", "line": "143", "module": "env", "process": "data_handler", "function": "handle_usr_conf", "stack": "", "pid": 89}
{"time": "2026-04-13 10:22:55.988602", "level": "INFO", "message": "env data_handler finish success", "file": "data_handler.py", "line": "196", "module": "env", "process": "data_handler", "function": "finish", "stack": "", "pid": 89}
{"time": "2026-04-13 10:22:55.989960", "level": "INFO", "message": "env env run once episode done, process_run_count is 69", "file": "remote_env_server.py", "line": "298", "module": "env", "process": "remote_env_server", "function": "run_once", "stack": "", "pid": 89}
{"time": "2026-04-13 10:22:55.990317", "level": "INFO", "message": "env env recv reset message", "file": "remote_env_server.py", "line": "282", "module": "env", "process": "remote_env_server", "function": "run_once", "stack": "", "pid": 89}
{"time": "2026-04-13 10:22:55.990730", "level": "INFO", "message": "env Select map in order: episode=3, map_id=4 from map_list=[1, 2, 3, 4, 5, 6, 7, 8, 9, 10]", "file": "data_handler.py", "line": "143", "module": "env", "process": "data_handler", "function": "handle_usr_conf", "stack": "", "pid": 89}
{"time": "2026-04-13 10:22:56.195586", "level": "INFO", "message": "env data_handler finish success", "file": "data_handler.py", "line": "196", "module": "env", "process": "data_handler", "function": "finish", "stack": "", "pid": 89}
{"time": "2026-04-13 10:22:56.196548", "level": "INFO", "message": "env env run once episode done, process_run_count is 127", "file": "remote_env_server.py", "line": "298", "module": "env", "process": "remote_env_server", "function": "run_once", "stack": "", "pid": 89}
{"time": "2026-04-13 10:22:56.197000", "level": "INFO", "message": "env env recv reset message", "file": "remote_env_server.py", "line": "282", "module": "env", "process": "remote_env_server", "function": "run_once", "stack": "", "pid": 89}
{"time": "2026-04-13 10:22:56.197482", "level": "INFO", "message": "env Select map in order: episode=4, map_id=5 from map_list=[1, 2, 3, 4, 5, 6, 7, 8, 9, 10]", "file": "data_handler.py", "line": "143", "module": "env", "process": "data_handler", "function": "handle_usr_conf", "stack": "", "pid": 89}
{"time": "2026-04-13 10:22:56.942336", "level": "INFO", "message": "env data_handler finish success", "file": "data_handler.py", "line": "196", "module": "env", "process": "data_handler", "function": "finish", "stack": "", "pid": 89}
{"time": "2026-04-13 10:22:56.943079", "level": "INFO", "message": "env env run once episode done, process_run_count is 135", "file": "remote_env_server.py", "line": "298", "module": "env", "process": "remote_env_server", "function": "run_once", "stack": "", "pid": 89}
{"time": "2026-04-13 10:22:56.943510", "level": "INFO", "message": "env env recv reset message", "file": "remote_env_server.py", "line": "282", "module": "env", "process": "remote_env_server", "function": "run_once", "stack": "", "pid": 89}
{"time": "2026-04-13 10:22:56.943906", "level": "INFO", "message": "env Select map in order: episode=5, map_id=6 from map_list=[1, 2, 3, 4, 5, 6, 7, 8, 9, 10]", "file": "data_handler.py", "line": "143", "module": "env", "process": "data_handler", "function": "handle_usr_conf", "stack": "", "pid": 89}
{"time": "2026-04-13 10:22:57.068806", "level": "INFO", "message": "env data_handler finish success", "file": "data_handler.py", "line": "196", "module": "env", "process": "data_handler", "function": "finish", "stack": "", "pid": 89}
{"time": "2026-04-13 10:22:57.069918", "level": "INFO", "message": "env env run once episode done, process_run_count is 157", "file": "remote_env_server.py", "line": "298", "module": "env", "process": "remote_env_server", "function": "run_once", "stack": "", "pid": 89}
{"time": "2026-04-13 10:22:57.070339", "level": "INFO", "message": "env env recv reset message", "file": "remote_env_server.py", "line": "282", "module": "env", "process": "remote_env_server", "function": "run_once", "stack": "", "pid": 89}
{"time": "2026-04-13 10:22:57.070747", "level": "INFO", "message": "env Select map in order: episode=6, map_id=7 from map_list=[1, 2, 3, 4, 5, 6, 7, 8, 9, 10]", "file": "data_handler.py", "line": "143", "module": "env", "process": "data_handler", "function": "handle_usr_conf", "stack": "", "pid": 89}
{"time": "2026-04-13 10:22:57.195086", "level": "INFO", "message": "env data_handler finish success", "file": "data_handler.py", "line": "196", "module": "env", "process": "data_handler", "function": "finish", "stack": "", "pid": 89}
{"time": "2026-04-13 10:22:57.195486", "level": "INFO", "message": "env env run once episode done, process_run_count is 179", "file": "remote_env_server.py", "line": "298", "module": "env", "process": "remote_env_server", "function": "run_once", "stack": "", "pid": 89}
{"time": "2026-04-13 10:22:57.196174", "level": "INFO", "message": "env env recv reset message", "file": "remote_env_server.py", "line": "282", "module": "env", "process": "remote_env_server", "function": "run_once", "stack": "", "pid": 89}
{"time": "2026-04-13 10:22:57.196638", "level": "INFO", "message": "env Select map in order: episode=7, map_id=8 from map_list=[1, 2, 3, 4, 5, 6, 7, 8, 9, 10]", "file": "data_handler.py", "line": "143", "module": "env", "process": "data_handler", "function": "handle_usr_conf", "stack": "", "pid": 89}
{"time": "2026-04-13 10:22:57.292667", "level": "INFO", "message": "env data_handler finish success", "file": "data_handler.py", "line": "196", "module": "env", "process": "data_handler", "function": "finish", "stack": "", "pid": 89}
{"time": "2026-04-13 10:22:57.293259", "level": "INFO", "message": "env env run once episode done, process_run_count is 186", "file": "remote_env_server.py", "line": "298", "module": "env", "process": "remote_env_server", "function": "run_once", "stack": "", "pid": 89}
{"time": "2026-04-13 10:22:57.293774", "level": "INFO", "message": "env env recv reset message", "file": "remote_env_server.py", "line": "282", "module": "env", "process": "remote_env_server", "function": "run_once", "stack": "", "pid": 89}
{"time": "2026-04-13 10:22:57.294210", "level": "INFO", "message": "env Select map in order: episode=8, map_id=9 from map_list=[1, 2, 3, 4, 5, 6, 7, 8, 9, 10]", "file": "data_handler.py", "line": "143", "module": "env", "process": "data_handler", "function": "handle_usr_conf", "stack": "", "pid": 89}
{"time": "2026-04-13 10:22:57.667919", "level": "INFO", "message": "env data_handler finish success", "file": "data_handler.py", "line": "196", "module": "env", "process": "data_handler", "function": "finish", "stack": "", "pid": 89}
{"time": "2026-04-13 10:22:57.668486", "level": "INFO", "message": "env env run once episode done, process_run_count is 268", "file": "remote_env_server.py", "line": "298", "module": "env", "process": "remote_env_server", "function": "run_once", "stack": "", "pid": 89}
{"time": "2026-04-13 10:22:57.669479", "level": "INFO", "message": "env env recv reset message", "file": "remote_env_server.py", "line": "282", "module": "env", "process": "remote_env_server", "function": "run_once", "stack": "", "pid": 89}
{"time": "2026-04-13 10:22:57.669960", "level": "INFO", "message": "env Select map in order: episode=9, map_id=10 from map_list=[1, 2, 3, 4, 5, 6, 7, 8, 9, 10]", "file": "data_handler.py", "line": "143", "module": "env", "process": "data_handler", "function": "handle_usr_conf", "stack": "", "pid": 89}
{"time": "2026-04-13 10:22:57.779337", "level": "INFO", "message": "env data_handler finish success", "file": "data_handler.py", "line": "196", "module": "env", "process": "data_handler", "function": "finish", "stack": "", "pid": 89}
{"time": "2026-04-13 10:22:57.779789", "level": "INFO", "message": "env env run once episode done, process_run_count is 278", "file": "remote_env_server.py", "line": "298", "module": "env", "process": "remote_env_server", "function": "run_once", "stack": "", "pid": 89}
{"time": "2026-04-13 10:22:57.780244", "level": "INFO", "message": "env env recv reset message", "file": "remote_env_server.py", "line": "282", "module": "env", "process": "remote_env_server", "function": "run_once", "stack": "", "pid": 89}
{"time": "2026-04-13 10:22:57.780627", "level": "INFO", "message": "env Select map in order: episode=10, map_id=1 from map_list=[1, 2, 3, 4, 5, 6, 7, 8, 9, 10]", "file": "data_handler.py", "line": "143", "module": "env", "process": "data_handler", "function": "handle_usr_conf", "stack": "", "pid": 89}
{"time": "2026-04-13 10:22:57.940056", "level": "INFO", "message": "env data_handler finish success", "file": "data_handler.py", "line": "196", "module": "env", "process": "data_handler", "function": "finish", "stack": "", "pid": 89}
{"time": "2026-04-13 10:22:57.940583", "level": "INFO", "message": "env env run once episode done, process_run_count is 313", "file": "remote_env_server.py", "line": "298", "module": "env", "process": "remote_env_server", "function": "run_once", "stack": "", "pid": 89}
{"time": "2026-04-13 10:22:57.941133", "level": "INFO", "message": "env env recv reset message", "file": "remote_env_server.py", "line": "282", "module": "env", "process": "remote_env_server", "function": "run_once", "stack": "", "pid": 89}
{"time": "2026-04-13 10:22:57.941536", "level": "INFO", "message": "env Select map in order: episode=11, map_id=2 from map_list=[1, 2, 3, 4, 5, 6, 7, 8, 9, 10]", "file": "data_handler.py", "line": "143", "module": "env", "process": "data_handler", "function": "handle_usr_conf", "stack": "", "pid": 89}
{"time": "2026-04-13 10:22:58.055507", "level": "INFO", "message": "env data_handler finish success", "file": "data_handler.py", "line": "196", "module": "env", "process": "data_handler", "function": "finish", "stack": "", "pid": 89}
{"time": "2026-04-13 10:22:58.056017", "level": "INFO", "message": "env env run once episode done, process_run_count is 329", "file": "remote_env_server.py", "line": "298", "module": "env", "process": "remote_env_server", "function": "run_once", "stack": "", "pid": 89}
{"time": "2026-04-13 10:22:58.056673", "level": "INFO", "message": "env env recv reset message", "file": "remote_env_server.py", "line": "282", "module": "env", "process": "remote_env_server", "function": "run_once", "stack": "", "pid": 89}
{"time": "2026-04-13 10:22:58.057149", "level": "INFO", "message": "env Select map in order: episode=12, map_id=3 from map_list=[1, 2, 3, 4, 5, 6, 7, 8, 9, 10]", "file": "data_handler.py", "line": "143", "module": "env", "process": "data_handler", "function": "handle_usr_conf", "stack": "", "pid": 89}
{"time": "2026-04-13 10:22:58.630326", "level": "INFO", "message": "env data_handler finish success", "file": "data_handler.py", "line": "196", "module": "env", "process": "data_handler", "function": "finish", "stack": "", "pid": 89}
{"time": "2026-04-13 10:22:58.630826", "level": "INFO", "message": "env env run once episode done, process_run_count is 464", "file": "remote_env_server.py", "line": "298", "module": "env", "process": "remote_env_server", "function": "run_once", "stack": "", "pid": 89}
{"time": "2026-04-13 10:22:58.632518", "level": "INFO", "message": "env env recv reset message", "file": "remote_env_server.py", "line": "282", "module": "env", "process": "remote_env_server", "function": "run_once", "stack": "", "pid": 89}
