{"time": "2026-04-13 10:22:45.919502", "level": "INFO", "message": "env env using shared MonitorProxy (PID: 104) not_server", "file": "worker.py", "line": "178", "module": "env", "process": "worker", "function": "worker_start_up", "stack": "", "pid": 98}
{"time": "2026-04-13 10:22:45.921182", "level": "INFO", "message": "env timeit enabled: False", "file": "env_core.py", "line": "132", "module": "env", "process": "env_core", "function": "init_data_handler", "stack": "", "pid": 98}
{"time": "2026-04-13 10:22:46.013426", "level": "INFO", "message": "env KaiwuDataHandler init success, KaiwuDataHandler class is environments.gorge_chase.data_handler.KaiwuDataHandler", "file": "env_core.py", "line": "139", "module": "env", "process": "env_core", "function": "init_data_handler", "stack": "", "pid": 98}
{"time": "2026-04-13 10:22:46.013850", "level": "INFO", "message": "env timeit enabled: False", "file": "env_core.py", "line": "46", "module": "env", "process": "env_core", "function": "init_env_adapter", "stack": "", "pid": 98}
{"time": "2026-04-13 10:22:46.025245", "level": "INFO", "message": "env EnvAdapter init success, EnvAdapter class is environments.gorge_chase.env_adapter.EnvAdapter", "file": "env_core.py", "line": "53", "module": "env", "process": "env_core", "function": "init_env_adapter", "stack": "", "pid": 98}
{"time": "2026-04-13 10:22:46.026657", "level": "INFO", "message": "env env_wrapper, zmq_server aisrv <--> env or entity <--> env, start at 172.20.0.9:5566 success", "file": "inter_process_communication.py", "line": "68", "module": "env", "process": "inter_process_communication", "function": "create_server", "stack": "", "pid": 98}
{"time": "2026-04-13 10:23:01.237491", "level": "INFO", "message": "env env recv reset message", "file": "remote_env_server.py", "line": "282", "module": "env", "process": "remote_env_server", "function": "run_once", "stack": "", "pid": 98}
{"time": "2026-04-13 10:23:01.238303", "level": "INFO", "message": "env Select map in order: episode=0, map_id=1 from map_list=[1, 2, 3, 4, 5, 6, 7, 8, 9, 10]", "file": "data_handler.py", "line": "143", "module": "env", "process": "data_handler", "function": "handle_usr_conf", "stack": "", "pid": 98}
{"time": "2026-04-13 10:23:01.398145", "level": "INFO", "message": "env finish monitor_data is {'finished_steps': 9, 'total_score': 13, 'step_score': 13, 'treasure_score': 0, 'total_treasure': 10, 'treasures_collected': 0, 'total_map': 10, 'map_random': 0, 'max_steps': 1000, 'flash_count': 1, 'flash_cooldown': 100, 'total_buff': 2, 'collected_buff': 0, 'buff_refresh_time': 200, 'monster_speed': 1, 'monster_interval': 300}", "file": "monitor_helper.py", "line": "91", "module": "env", "process": "monitor_helper", "function": "finish", "stack": "", "pid": 98}
{"time": "2026-04-13 10:23:01.398598", "level": "INFO", "message": "env data_handler finish success", "file": "data_handler.py", "line": "196", "module": "env", "process": "data_handler", "function": "finish", "stack": "", "pid": 98}
{"time": "2026-04-13 10:23:01.398937", "level": "INFO", "message": "env env run once episode done, process_run_count is 10", "file": "remote_env_server.py", "line": "298", "module": "env", "process": "remote_env_server", "function": "run_once", "stack": "", "pid": 98}
{"time": "2026-04-13 10:23:01.400113", "level": "INFO", "message": "env env recv reset message", "file": "remote_env_server.py", "line": "282", "module": "env", "process": "remote_env_server", "function": "run_once", "stack": "", "pid": 98}
{"time": "2026-04-13 10:23:01.400501", "level": "INFO", "message": "env Select map in order: episode=1, map_id=2 from map_list=[1, 2, 3, 4, 5, 6, 7, 8, 9, 10]", "file": "data_handler.py", "line": "143", "module": "env", "process": "data_handler", "function": "handle_usr_conf", "stack": "", "pid": 98}
{"time": "2026-04-13 10:23:01.482025", "level": "INFO", "message": "env data_handler finish success", "file": "data_handler.py", "line": "196", "module": "env", "process": "data_handler", "function": "finish", "stack": "", "pid": 98}
{"time": "2026-04-13 10:23:01.482473", "level": "INFO", "message": "env env run once episode done, process_run_count is 12", "file": "remote_env_server.py", "line": "298", "module": "env", "process": "remote_env_server", "function": "run_once", "stack": "", "pid": 98}
{"time": "2026-04-13 10:23:01.483019", "level": "INFO", "message": "env env recv reset message", "file": "remote_env_server.py", "line": "282", "module": "env", "process": "remote_env_server", "function": "run_once", "stack": "", "pid": 98}
{"time": "2026-04-13 10:23:01.483480", "level": "INFO", "message": "env Select map in order: episode=2, map_id=3 from map_list=[1, 2, 3, 4, 5, 6, 7, 8, 9, 10]", "file": "data_handler.py", "line": "143", "module": "env", "process": "data_handler", "function": "handle_usr_conf", "stack": "", "pid": 98}
{"time": "2026-04-13 10:23:01.700579", "level": "INFO", "message": "env data_handler finish success", "file": "data_handler.py", "line": "196", "module": "env", "process": "data_handler", "function": "finish", "stack": "", "pid": 98}
{"time": "2026-04-13 10:23:01.701090", "level": "INFO", "message": "env env run once episode done, process_run_count is 63", "file": "remote_env_server.py", "line": "298", "module": "env", "process": "remote_env_server", "function": "run_once", "stack": "", "pid": 98}
{"time": "2026-04-13 10:23:01.702534", "level": "INFO", "message": "env env recv reset message", "file": "remote_env_server.py", "line": "282", "module": "env", "process": "remote_env_server", "function": "run_once", "stack": "", "pid": 98}
{"time": "2026-04-13 10:23:01.703236", "level": "INFO", "message": "env Select map in order: episode=3, map_id=4 from map_list=[1, 2, 3, 4, 5, 6, 7, 8, 9, 10]", "file": "data_handler.py", "line": "143", "module": "env", "process": "data_handler", "function": "handle_usr_conf", "stack": "", "pid": 98}
{"time": "2026-04-13 10:23:01.842741", "level": "INFO", "message": "env data_handler finish success", "file": "data_handler.py", "line": "196", "module": "env", "process": "data_handler", "function": "finish", "stack": "", "pid": 98}
{"time": "2026-04-13 10:23:01.843262", "level": "INFO", "message": "env env run once episode done, process_run_count is 87", "file": "remote_env_server.py", "line": "298", "module": "env", "process": "remote_env_server", "function": "run_once", "stack": "", "pid": 98}
{"time": "2026-04-13 10:23:01.843639", "level": "INFO", "message": "env env recv reset message", "file": "remote_env_server.py", "line": "282", "module": "env", "process": "remote_env_server", "function": "run_once", "stack": "", "pid": 98}
{"time": "2026-04-13 10:23:01.844280", "level": "INFO", "message": "env Select map in order: episode=4, map_id=5 from map_list=[1, 2, 3, 4, 5, 6, 7, 8, 9, 10]", "file": "data_handler.py", "line": "143", "module": "env", "process": "data_handler", "function": "handle_usr_conf", "stack": "", "pid": 98}
{"time": "2026-04-13 10:23:01.992517", "level": "INFO", "message": "env data_handler finish success", "file": "data_handler.py", "line": "196", "module": "env", "process": "data_handler", "function": "finish", "stack": "", "pid": 98}
{"time": "2026-04-13 10:23:01.993032", "level": "INFO", "message": "env env run once episode done, process_run_count is 108", "file": "remote_env_server.py", "line": "298", "module": "env", "process": "remote_env_server", "function": "run_once", "stack": "", "pid": 98}
{"time": "2026-04-13 10:23:01.993995", "level": "INFO", "message": "env env recv reset message", "file": "remote_env_server.py", "line": "282", "module": "env", "process": "remote_env_server", "function": "run_once", "stack": "", "pid": 98}
{"time": "2026-04-13 10:23:01.994502", "level": "INFO", "message": "env Select map in order: episode=5, map_id=6 from map_list=[1, 2, 3, 4, 5, 6, 7, 8, 9, 10]", "file": "data_handler.py", "line": "143", "module": "env", "process": "data_handler", "function": "handle_usr_conf", "stack": "", "pid": 98}
{"time": "2026-04-13 10:23:02.448637", "level": "INFO", "message": "env data_handler finish success", "file": "data_handler.py", "line": "196", "module": "env", "process": "data_handler", "function": "finish", "stack": "", "pid": 98}
{"time": "2026-04-13 10:23:02.449145", "level": "INFO", "message": "env env run once episode done, process_run_count is 220", "file": "remote_env_server.py", "line": "298", "module": "env", "process": "remote_env_server", "function": "run_once", "stack": "", "pid": 98}
{"time": "2026-04-13 10:23:02.450742", "level": "INFO", "message": "env env recv reset message", "file": "remote_env_server.py", "line": "282", "module": "env", "process": "remote_env_server", "function": "run_once", "stack": "", "pid": 98}
{"time": "2026-04-13 10:23:02.451215", "level": "INFO", "message": "env Select map in order: episode=6, map_id=7 from map_list=[1, 2, 3, 4, 5, 6, 7, 8, 9, 10]", "file": "data_handler.py", "line": "143", "module": "env", "process": "data_handler", "function": "handle_usr_conf", "stack": "", "pid": 98}
{"time": "2026-04-13 10:23:02.740191", "level": "INFO", "message": "env data_handler finish success", "file": "data_handler.py", "line": "196", "module": "env", "process": "data_handler", "function": "finish", "stack": "", "pid": 98}
{"time": "2026-04-13 10:23:02.740672", "level": "INFO", "message": "env env run once episode done, process_run_count is 283", "file": "remote_env_server.py", "line": "298", "module": "env", "process": "remote_env_server", "function": "run_once", "stack": "", "pid": 98}
{"time": "2026-04-13 10:23:02.741853", "level": "INFO", "message": "env env recv reset message", "file": "remote_env_server.py", "line": "282", "module": "env", "process": "remote_env_server", "function": "run_once", "stack": "", "pid": 98}
{"time": "2026-04-13 10:23:02.742302", "level": "INFO", "message": "env Select map in order: episode=7, map_id=8 from map_list=[1, 2, 3, 4, 5, 6, 7, 8, 9, 10]", "file": "data_handler.py", "line": "143", "module": "env", "process": "data_handler", "function": "handle_usr_conf", "stack": "", "pid": 98}
{"time": "2026-04-13 10:23:02.908901", "level": "INFO", "message": "env data_handler finish success", "file": "data_handler.py", "line": "196", "module": "env", "process": "data_handler", "function": "finish", "stack": "", "pid": 98}
{"time": "2026-04-13 10:23:02.909436", "level": "INFO", "message": "env env run once episode done, process_run_count is 315", "file": "remote_env_server.py", "line": "298", "module": "env", "process": "remote_env_server", "function": "run_once", "stack": "", "pid": 98}
{"time": "2026-04-13 10:23:02.910827", "level": "INFO", "message": "env env recv reset message", "file": "remote_env_server.py", "line": "282", "module": "env", "process": "remote_env_server", "function": "run_once", "stack": "", "pid": 98}
{"time": "2026-04-13 10:23:02.911292", "level": "INFO", "message": "env Select map in order: episode=8, map_id=9 from map_list=[1, 2, 3, 4, 5, 6, 7, 8, 9, 10]", "file": "data_handler.py", "line": "143", "module": "env", "process": "data_handler", "function": "handle_usr_conf", "stack": "", "pid": 98}
{"time": "2026-04-13 10:23:03.056852", "level": "INFO", "message": "env data_handler finish success", "file": "data_handler.py", "line": "196", "module": "env", "process": "data_handler", "function": "finish", "stack": "", "pid": 98}
{"time": "2026-04-13 10:23:03.057456", "level": "INFO", "message": "env env run once episode done, process_run_count is 330", "file": "remote_env_server.py", "line": "298", "module": "env", "process": "remote_env_server", "function": "run_once", "stack": "", "pid": 98}
{"time": "2026-04-13 10:23:03.058024", "level": "INFO", "message": "env env recv reset message", "file": "remote_env_server.py", "line": "282", "module": "env", "process": "remote_env_server", "function": "run_once", "stack": "", "pid": 98}
{"time": "2026-04-13 10:23:03.058454", "level": "INFO", "message": "env Select map in order: episode=9, map_id=10 from map_list=[1, 2, 3, 4, 5, 6, 7, 8, 9, 10]", "file": "data_handler.py", "line": "143", "module": "env", "process": "data_handler", "function": "handle_usr_conf", "stack": "", "pid": 98}
{"time": "2026-04-13 10:23:03.164626", "level": "INFO", "message": "env data_handler finish success", "file": "data_handler.py", "line": "196", "module": "env", "process": "data_handler", "function": "finish", "stack": "", "pid": 98}
{"time": "2026-04-13 10:23:03.165169", "level": "INFO", "message": "env env run once episode done, process_run_count is 342", "file": "remote_env_server.py", "line": "298", "module": "env", "process": "remote_env_server", "function": "run_once", "stack": "", "pid": 98}
{"time": "2026-04-13 10:23:03.165601", "level": "INFO", "message": "env env recv reset message", "file": "remote_env_server.py", "line": "282", "module": "env", "process": "remote_env_server", "function": "run_once", "stack": "", "pid": 98}
{"time": "2026-04-13 10:23:03.166000", "level": "INFO", "message": "env Select map in order: episode=10, map_id=1 from map_list=[1, 2, 3, 4, 5, 6, 7, 8, 9, 10]", "file": "data_handler.py", "line": "143", "module": "env", "process": "data_handler", "function": "handle_usr_conf", "stack": "", "pid": 98}
{"time": "2026-04-13 10:23:03.275903", "level": "INFO", "message": "env data_handler finish success", "file": "data_handler.py", "line": "196", "module": "env", "process": "data_handler", "function": "finish", "stack": "", "pid": 98}
{"time": "2026-04-13 10:23:03.276426", "level": "INFO", "message": "env env run once episode done, process_run_count is 356", "file": "remote_env_server.py", "line": "298", "module": "env", "process": "remote_env_server", "function": "run_once", "stack": "", "pid": 98}
{"time": "2026-04-13 10:23:03.277029", "level": "INFO", "message": "env env recv reset message", "file": "remote_env_server.py", "line": "282", "module": "env", "process": "remote_env_server", "function": "run_once", "stack": "", "pid": 98}
{"time": "2026-04-13 10:23:03.277483", "level": "INFO", "message": "env Select map in order: episode=11, map_id=2 from map_list=[1, 2, 3, 4, 5, 6, 7, 8, 9, 10]", "file": "data_handler.py", "line": "143", "module": "env", "process": "data_handler", "function": "handle_usr_conf", "stack": "", "pid": 98}
{"time": "2026-04-13 10:23:03.790955", "level": "INFO", "message": "env data_handler finish success", "file": "data_handler.py", "line": "196", "module": "env", "process": "data_handler", "function": "finish", "stack": "", "pid": 98}
{"time": "2026-04-13 10:23:03.791385", "level": "INFO", "message": "env env run once episode done, process_run_count is 477", "file": "remote_env_server.py", "line": "298", "module": "env", "process": "remote_env_server", "function": "run_once", "stack": "", "pid": 98}
{"time": "2026-04-13 10:23:03.793118", "level": "INFO", "message": "env env recv reset message", "file": "remote_env_server.py", "line": "282", "module": "env", "process": "remote_env_server", "function": "run_once", "stack": "", "pid": 98}
{"time": "2026-04-13 10:23:03.793548", "level": "INFO", "message": "env Select map in order: episode=12, map_id=3 from map_list=[1, 2, 3, 4, 5, 6, 7, 8, 9, 10]", "file": "data_handler.py", "line": "143", "module": "env", "process": "data_handler", "function": "handle_usr_conf", "stack": "", "pid": 98}
{"time": "2026-04-13 10:23:03.921786", "level": "INFO", "message": "env data_handler finish success", "file": "data_handler.py", "line": "196", "module": "env", "process": "data_handler", "function": "finish", "stack": "", "pid": 98}
{"time": "2026-04-13 10:23:03.922227", "level": "INFO", "message": "env env run once episode done, process_run_count is 495", "file": "remote_env_server.py", "line": "298", "module": "env", "process": "remote_env_server", "function": "run_once", "stack": "", "pid": 98}
{"time": "2026-04-13 10:23:03.922879", "level": "INFO", "message": "env env recv reset message", "file": "remote_env_server.py", "line": "282", "module": "env", "process": "remote_env_server", "function": "run_once", "stack": "", "pid": 98}
